DEPRECATION WARNING: config.action_view.debug_rjs will be removed in 3.1, from 3.1 onwards you will need to install prototype-rails to continue to use RJS templates . (called from <top (required)> at /Users/Elliott/github/AI1/config/environment.rb:5)
[nil, ["/Users/Elliott/github/AI1/app/admin", "/Users/Elliott/github/AI1/app/admin/admin_users.rb", "/Users/Elliott/github/AI1/app/admin/clients.rb", "/Users/Elliott/github/AI1/app/admin/dashboards.rb", "/Users/Elliott/github/AI1/app/admin/invoices.rb"]]
[nil, ["/Users/Elliott/github/AI1/app/admin", "/Users/Elliott/github/AI1/app/admin/admin_users.rb", "/Users/Elliott/github/AI1/app/admin/clients.rb", "/Users/Elliott/github/AI1/app/admin/dashboards.rb", "/Users/Elliott/github/AI1/app/admin/invoices.rb"]]
[nil, []]
[nil, ["/Users/Elliott/github/AI1/app/admin"]]
[nil, ["/Users/Elliott/github/AI1/app/admin", "/Users/Elliott/github/AI1/app/admin/admin_users.rb"]]
[nil, ["/Users/Elliott/github/AI1/app/admin", "/Users/Elliott/github/AI1/app/admin/admin_users.rb", "/Users/Elliott/github/AI1/app/admin/clients.rb"]]
[nil, ["/Users/Elliott/github/AI1/app/admin", "/Users/Elliott/github/AI1/app/admin/admin_users.rb", "/Users/Elliott/github/AI1/app/admin/clients.rb", "/Users/Elliott/github/AI1/app/admin/dashboards.rb"]]
  [1m[36mSQL (0.5ms)[0m  [1mSHOW client_min_messages[0m
  [1m[35mSQL (0.1ms)[0m  SET client_min_messages TO 'panic'
  [1m[36mSQL (0.1ms)[0m  [1mSET standard_conforming_strings = on[0m
  [1m[35mSQL (0.1ms)[0m  SET client_min_messages TO 'notice'
  [1m[36mSQL (4.3ms)[0m  [1mSET time zone 'UTC'[0m
  [1m[35mSQL (0.1ms)[0m  SHOW TIME ZONE
  [1m[36mSQL (20.9ms)[0m  [1m SELECT COUNT(*)
 FROM pg_tables
 WHERE tablename = 'schema_migrations'
 AND schemaname = ANY (current_schemas(false))
[0m
  [1m[35mSQL (1.2ms)[0m   SELECT tablename
 FROM pg_tables
 WHERE schemaname = ANY (current_schemas(false))
  [1m[36mSQL (14.7ms)[0m  [1m SELECT a.attname, format_type(a.atttypid, a.atttypmod), d.adsrc, a.attnotnull
 FROM pg_attribute a LEFT JOIN pg_attrdef d
 ON a.attrelid = d.adrelid AND a.attnum = d.adnum
 WHERE a.attrelid = '"schema_migrations"'::regclass
 AND a.attnum > 0 AND NOT a.attisdropped
 ORDER BY a.attnum
[0m
  [1m[35mSQL (4.8ms)[0m  SELECT "schema_migrations"."version" FROM "schema_migrations"
Migrating to CreateAdminNotes (20110818171143)
Migrating to MoveAdminNotesToComments (20110818171144)
Migrating to DeviseCreateAdminUsers (20110818211142)
Migrating to CreateClients (20110818214436)
Migrating to CreateInvoices (20110818220252)
Migrating to CreateItems (20110818222838)
  [1m[36mSQL (0.3ms)[0m  [1mSHOW client_min_messages[0m
  [1m[35mSQL (0.1ms)[0m  SET client_min_messages TO 'panic'
  [1m[36mSQL (0.1ms)[0m  [1mSET standard_conforming_strings = on[0m
  [1m[35mSQL (0.1ms)[0m  SET client_min_messages TO 'notice'
  [1m[36mSQL (0.7ms)[0m  [1mSET time zone 'UTC'[0m
  [1m[35mSQL (0.1ms)[0m  SHOW TIME ZONE
  [1m[36mSQL (5.2ms)[0m  [1m SELECT COUNT(*)
 FROM pg_tables
 WHERE tablename = 'schema_migrations'
 AND schemaname = ANY (current_schemas(false))
[0m
  [1m[35mSQL (3.3ms)[0m   SELECT a.attname, format_type(a.atttypid, a.atttypmod), d.adsrc, a.attnotnull
 FROM pg_attribute a LEFT JOIN pg_attrdef d
 ON a.attrelid = d.adrelid AND a.attnum = d.adnum
 WHERE a.attrelid = '"schema_migrations"'::regclass
 AND a.attnum > 0 AND NOT a.attisdropped
 ORDER BY a.attnum
  [1m[36mSQL (0.7ms)[0m  [1mSELECT "schema_migrations"."version" FROM "schema_migrations"[0m
  [1m[35mSQL (1.1ms)[0m   SELECT tablename
 FROM pg_tables
 WHERE schemaname = ANY (current_schemas(false))
  [1m[36mSQL (0.9ms)[0m  [1m SELECT a.attname, format_type(a.atttypid, a.atttypmod), d.adsrc, a.attnotnull
 FROM pg_attribute a LEFT JOIN pg_attrdef d
 ON a.attrelid = d.adrelid AND a.attnum = d.adnum
 WHERE a.attrelid = '"active_admin_comments"'::regclass
 AND a.attnum > 0 AND NOT a.attisdropped
 ORDER BY a.attnum
[0m
  [1m[35mPK and serial sequence (20.8ms)[0m   SELECT attr.attname, seq.relname
 FROM pg_class seq,
 pg_attribute attr,
 pg_depend dep,
 pg_namespace name,
 pg_constraint cons
 WHERE seq.oid = dep.objid
 AND seq.relkind = 'S'
 AND attr.attrelid = dep.refobjid
 AND attr.attnum = dep.refobjsubid
 AND attr.attrelid = cons.conrelid
 AND attr.attnum = cons.conkey[1]
 AND cons.contype = 'p'
 AND dep.refobjid = '"active_admin_comments"'::regclass
  [1m[36mSQL (0.1ms)[0m  [1mSHOW search_path[0m
  [1m[35mSQL (8.9ms)[0m   SELECT distinct i.relname, d.indisunique, d.indkey, t.oid
 FROM pg_class t, pg_class i, pg_index d
 WHERE i.relkind = 'i'
 AND d.indexrelid = i.oid
 AND d.indisprimary = 'f'
 AND t.oid = d.indrelid
 AND t.relname = 'active_admin_comments'
 AND i.relnamespace IN (SELECT oid FROM pg_namespace WHERE nspname IN ('"$user"','public') )
 ORDER BY i.relname
  [1m[36mColumns for index index_active_admin_comments_on_author_type_and_author_id on active_admin_comments (0.6ms)[0m  [1m SELECT a.attnum, a.attname
 FROM pg_attribute a
 WHERE a.attrelid = 16399
 AND a.attnum IN (5,4)
[0m
  [1m[35mColumns for index index_active_admin_comments_on_namespace on active_admin_comments (0.3ms)[0m   SELECT a.attnum, a.attname
 FROM pg_attribute a
 WHERE a.attrelid = 16399
 AND a.attnum IN (9)
  [1m[36mColumns for index index_admin_notes_on_resource_type_and_resource_id on active_admin_comments (0.3ms)[0m  [1m SELECT a.attnum, a.attname
 FROM pg_attribute a
 WHERE a.attrelid = 16399
 AND a.attnum IN (3,2)
[0m
  [1m[35mSQL (0.8ms)[0m   SELECT a.attname, format_type(a.atttypid, a.atttypmod), d.adsrc, a.attnotnull
 FROM pg_attribute a LEFT JOIN pg_attrdef d
 ON a.attrelid = d.adrelid AND a.attnum = d.adnum
 WHERE a.attrelid = '"admin_users"'::regclass
 AND a.attnum > 0 AND NOT a.attisdropped
 ORDER BY a.attnum
  [1m[36mPK and serial sequence (3.4ms)[0m  [1m SELECT attr.attname, seq.relname
 FROM pg_class seq,
 pg_attribute attr,
 pg_depend dep,
 pg_namespace name,
 pg_constraint cons
 WHERE seq.oid = dep.objid
 AND seq.relkind = 'S'
 AND attr.attrelid = dep.refobjid
 AND attr.attnum = dep.refobjsubid
 AND attr.attrelid = cons.conrelid
 AND attr.attnum = cons.conkey[1]
 AND cons.contype = 'p'
 AND dep.refobjid = '"admin_users"'::regclass
[0m
  [1m[35mSQL (1.4ms)[0m   SELECT distinct i.relname, d.indisunique, d.indkey, t.oid
 FROM pg_class t, pg_class i, pg_index d
 WHERE i.relkind = 'i'
 AND d.indexrelid = i.oid
 AND d.indisprimary = 'f'
 AND t.oid = d.indrelid
 AND t.relname = 'admin_users'
 AND i.relnamespace IN (SELECT oid FROM pg_namespace WHERE nspname IN ('"$user"','public') )
 ORDER BY i.relname
  [1m[36mColumns for index index_admin_users_on_email on admin_users (0.3ms)[0m  [1m SELECT a.attnum, a.attname
 FROM pg_attribute a
 WHERE a.attrelid = 16414
 AND a.attnum IN (2)
[0m
  [1m[35mColumns for index index_admin_users_on_reset_password_token on admin_users (0.3ms)[0m   SELECT a.attnum, a.attname
 FROM pg_attribute a
 WHERE a.attrelid = 16414
 AND a.attnum IN (4)
  [1m[36mSQL (0.7ms)[0m  [1m SELECT a.attname, format_type(a.atttypid, a.atttypmod), d.adsrc, a.attnotnull
 FROM pg_attribute a LEFT JOIN pg_attrdef d
 ON a.attrelid = d.adrelid AND a.attnum = d.adnum
 WHERE a.attrelid = '"clients"'::regclass
 AND a.attnum > 0 AND NOT a.attisdropped
 ORDER BY a.attnum
[0m
  [1m[35mPK and serial sequence (3.1ms)[0m   SELECT attr.attname, seq.relname
 FROM pg_class seq,
 pg_attribute attr,
 pg_depend dep,
 pg_namespace name,
 pg_constraint cons
 WHERE seq.oid = dep.objid
 AND seq.relkind = 'S'
 AND attr.attrelid = dep.refobjid
 AND attr.attnum = dep.refobjsubid
 AND attr.attrelid = cons.conrelid
 AND attr.attnum = cons.conkey[1]
 AND cons.contype = 'p'
 AND dep.refobjid = '"clients"'::regclass
  [1m[36mSQL (1.4ms)[0m  [1m SELECT distinct i.relname, d.indisunique, d.indkey, t.oid
 FROM pg_class t, pg_class i, pg_index d
 WHERE i.relkind = 'i'
 AND d.indexrelid = i.oid
 AND d.indisprimary = 'f'
 AND t.oid = d.indrelid
 AND t.relname = 'clients'
 AND i.relnamespace IN (SELECT oid FROM pg_namespace WHERE nspname IN ('"$user"','public') )
 ORDER BY i.relname
[0m
  [1m[35mSQL (1.0ms)[0m   SELECT a.attname, format_type(a.atttypid, a.atttypmod), d.adsrc, a.attnotnull
 FROM pg_attribute a LEFT JOIN pg_attrdef d
 ON a.attrelid = d.adrelid AND a.attnum = d.adnum
 WHERE a.attrelid = '"invoices"'::regclass
 AND a.attnum > 0 AND NOT a.attisdropped
 ORDER BY a.attnum
  [1m[36mPK and serial sequence (3.2ms)[0m  [1m SELECT attr.attname, seq.relname
 FROM pg_class seq,
 pg_attribute attr,
 pg_depend dep,
 pg_namespace name,
 pg_constraint cons
 WHERE seq.oid = dep.objid
 AND seq.relkind = 'S'
 AND attr.attrelid = dep.refobjid
 AND attr.attnum = dep.refobjsubid
 AND attr.attrelid = cons.conrelid
 AND attr.attnum = cons.conkey[1]
 AND cons.contype = 'p'
 AND dep.refobjid = '"invoices"'::regclass
[0m
  [1m[35mSQL (1.3ms)[0m   SELECT distinct i.relname, d.indisunique, d.indkey, t.oid
 FROM pg_class t, pg_class i, pg_index d
 WHERE i.relkind = 'i'
 AND d.indexrelid = i.oid
 AND d.indisprimary = 'f'
 AND t.oid = d.indrelid
 AND t.relname = 'invoices'
 AND i.relnamespace IN (SELECT oid FROM pg_namespace WHERE nspname IN ('"$user"','public') )
 ORDER BY i.relname
  [1m[36mSQL (0.9ms)[0m  [1m SELECT a.attname, format_type(a.atttypid, a.atttypmod), d.adsrc, a.attnotnull
 FROM pg_attribute a LEFT JOIN pg_attrdef d
 ON a.attrelid = d.adrelid AND a.attnum = d.adnum
 WHERE a.attrelid = '"items"'::regclass
 AND a.attnum > 0 AND NOT a.attisdropped
 ORDER BY a.attnum
[0m
  [1m[35mPK and serial sequence (3.3ms)[0m   SELECT attr.attname, seq.relname
 FROM pg_class seq,
 pg_attribute attr,
 pg_depend dep,
 pg_namespace name,
 pg_constraint cons
 WHERE seq.oid = dep.objid
 AND seq.relkind = 'S'
 AND attr.attrelid = dep.refobjid
 AND attr.attnum = dep.refobjsubid
 AND attr.attrelid = cons.conrelid
 AND attr.attnum = cons.conkey[1]
 AND cons.contype = 'p'
 AND dep.refobjid = '"items"'::regclass
  [1m[36mSQL (1.4ms)[0m  [1m SELECT distinct i.relname, d.indisunique, d.indkey, t.oid
 FROM pg_class t, pg_class i, pg_index d
 WHERE i.relkind = 'i'
 AND d.indexrelid = i.oid
 AND d.indisprimary = 'f'
 AND t.oid = d.indrelid
 AND t.relname = 'items'
 AND i.relnamespace IN (SELECT oid FROM pg_namespace WHERE nspname IN ('"$user"','public') )
 ORDER BY i.relname
[0m
DEPRECATION WARNING: config.action_view.debug_rjs will be removed in 3.1, from 3.1 onwards you will need to install prototype-rails to continue to use RJS templates . (called from <top (required)> at /Users/Elliott/github/AI1/config/environment.rb:5)
[nil, ["/Users/Elliott/github/AI1/app/admin", "/Users/Elliott/github/AI1/app/admin/admin_users.rb", "/Users/Elliott/github/AI1/app/admin/clients.rb", "/Users/Elliott/github/AI1/app/admin/dashboards.rb", "/Users/Elliott/github/AI1/app/admin/invoices.rb"]]
[nil, ["/Users/Elliott/github/AI1/app/admin", "/Users/Elliott/github/AI1/app/admin/admin_users.rb", "/Users/Elliott/github/AI1/app/admin/clients.rb", "/Users/Elliott/github/AI1/app/admin/dashboards.rb", "/Users/Elliott/github/AI1/app/admin/invoices.rb"]]
[nil, []]
[nil, ["/Users/Elliott/github/AI1/app/admin"]]
[nil, ["/Users/Elliott/github/AI1/app/admin", "/Users/Elliott/github/AI1/app/admin/admin_users.rb"]]
[nil, ["/Users/Elliott/github/AI1/app/admin", "/Users/Elliott/github/AI1/app/admin/admin_users.rb", "/Users/Elliott/github/AI1/app/admin/clients.rb"]]
[nil, ["/Users/Elliott/github/AI1/app/admin", "/Users/Elliott/github/AI1/app/admin/admin_users.rb", "/Users/Elliott/github/AI1/app/admin/clients.rb", "/Users/Elliott/github/AI1/app/admin/dashboards.rb"]]


Started GET "/admin/users" for 127.0.0.1 at 2012-02-04 22:05:15 -1000
[nil, ["/Users/Elliott/github/AI1/app/admin", "/Users/Elliott/github/AI1/app/admin/admin_users.rb", "/Users/Elliott/github/AI1/app/admin/clients.rb", "/Users/Elliott/github/AI1/app/admin/dashboards.rb", "/Users/Elliott/github/AI1/app/admin/invoices.rb"]]
  [1m[36mSQL (0.3ms)[0m  [1mSHOW client_min_messages[0m
  [1m[35mSQL (0.1ms)[0m  SET client_min_messages TO 'panic'
  [1m[36mSQL (0.1ms)[0m  [1mSET standard_conforming_strings = on[0m
  [1m[35mSQL (0.1ms)[0m  SET client_min_messages TO 'notice'
  [1m[36mSQL (0.4ms)[0m  [1mSET time zone 'UTC'[0m
  [1m[35mSQL (0.1ms)[0m  SHOW TIME ZONE
  Processing by Admin::UsersController#index as HTML
  [1m[36mSQL (5.4ms)[0m  [1m SELECT tablename
 FROM pg_tables
 WHERE schemaname = ANY (current_schemas(false))
[0m
  [1m[35mSQL (3.6ms)[0m   SELECT a.attname, format_type(a.atttypid, a.atttypmod), d.adsrc, a.attnotnull
 FROM pg_attribute a LEFT JOIN pg_attrdef d
 ON a.attrelid = d.adrelid AND a.attnum = d.adnum
 WHERE a.attrelid = '"admin_users"'::regclass
 AND a.attnum > 0 AND NOT a.attisdropped
 ORDER BY a.attnum
  [1m[36mAdminUser Load (8.8ms)[0m  [1mSELECT "admin_users".* FROM "admin_users" WHERE "admin_users"."id" = 1 LIMIT 1[0m
  [1m[35mSQL (0.9ms)[0m   SELECT a.attname, format_type(a.atttypid, a.atttypmod), d.adsrc, a.attnotnull
 FROM pg_attribute a LEFT JOIN pg_attrdef d
 ON a.attrelid = d.adrelid AND a.attnum = d.adnum
 WHERE a.attrelid = '"admin_users"'::regclass
 AND a.attnum > 0 AND NOT a.attisdropped
 ORDER BY a.attnum
  [1m[36mAdminUser Load (1.4ms)[0m  [1mSELECT "admin_users".* FROM "admin_users" ORDER BY "admin_users".id desc LIMIT 30 OFFSET 0[0m
  [1m[35mSQL (0.6ms)[0m  SELECT COUNT(*) FROM "admin_users"
Rendered /Users/Elliott/.rvm/gems/ruby-1.9.2-p290/gems/activeadmin-0.4.0/app/views/active_admin/resource/index.html.arb (924.8ms)
Completed 200 OK in 1107ms (Views: 929.6ms | ActiveRecord: 21.7ms)


Started GET "/javascripts/jquery.min.js" for 127.0.0.1 at 2012-02-04 22:05:16 -1000
[nil, ["/Users/Elliott/github/AI1/app/admin", "/Users/Elliott/github/AI1/app/admin/admin_users.rb", "/Users/Elliott/github/AI1/app/admin/clients.rb", "/Users/Elliott/github/AI1/app/admin/dashboards.rb", "/Users/Elliott/github/AI1/app/admin/invoices.rb"]]

ActionController::RoutingError (No route matches "/javascripts/jquery.min.js"):
  

Rendered /Users/Elliott/.rvm/gems/ruby-1.9.2-p290/gems/actionpack-3.0.10/lib/action_dispatch/middleware/templates/rescues/routing_error.erb within rescues/layout (1.2ms)


Started GET "/javascripts/jquery-ui.min.js" for 127.0.0.1 at 2012-02-04 22:05:16 -1000
[nil, ["/Users/Elliott/github/AI1/app/admin", "/Users/Elliott/github/AI1/app/admin/admin_users.rb", "/Users/Elliott/github/AI1/app/admin/clients.rb", "/Users/Elliott/github/AI1/app/admin/dashboards.rb", "/Users/Elliott/github/AI1/app/admin/invoices.rb"]]

ActionController::RoutingError (No route matches "/javascripts/jquery-ui.min.js"):
  

Rendered /Users/Elliott/.rvm/gems/ruby-1.9.2-p290/gems/actionpack-3.0.10/lib/action_dispatch/middleware/templates/rescues/routing_error.erb within rescues/layout (1.1ms)


Started GET "/javascripts/jquery_ujs.js" for 127.0.0.1 at 2012-02-04 22:05:16 -1000
[nil, ["/Users/Elliott/github/AI1/app/admin", "/Users/Elliott/github/AI1/app/admin/admin_users.rb", "/Users/Elliott/github/AI1/app/admin/clients.rb", "/Users/Elliott/github/AI1/app/admin/dashboards.rb", "/Users/Elliott/github/AI1/app/admin/invoices.rb"]]

ActionController::RoutingError (No route matches "/javascripts/jquery_ujs.js"):
  

Rendered /Users/Elliott/.rvm/gems/ruby-1.9.2-p290/gems/actionpack-3.0.10/lib/action_dispatch/middleware/templates/rescues/routing_error.erb within rescues/layout (1.1ms)


Started GET "/admin/" for 127.0.0.1 at 2012-02-04 22:05:31 -1000
[nil, ["/Users/Elliott/github/AI1/app/admin", "/Users/Elliott/github/AI1/app/admin/admin_users.rb", "/Users/Elliott/github/AI1/app/admin/clients.rb", "/Users/Elliott/github/AI1/app/admin/dashboards.rb", "/Users/Elliott/github/AI1/app/admin/invoices.rb"]]
  Processing by Admin::DashboardController#index as HTML
  [1m[36mSQL (1.3ms)[0m  [1m SELECT a.attname, format_type(a.atttypid, a.atttypmod), d.adsrc, a.attnotnull
 FROM pg_attribute a LEFT JOIN pg_attrdef d
 ON a.attrelid = d.adrelid AND a.attnum = d.adnum
 WHERE a.attrelid = '"admin_users"'::regclass
 AND a.attnum > 0 AND NOT a.attisdropped
 ORDER BY a.attnum
[0m
  [1m[35mAdminUser Load (0.6ms)[0m  SELECT "admin_users".* FROM "admin_users" WHERE "admin_users"."id" = 1 LIMIT 1
  [1m[36mSQL (0.9ms)[0m  [1m SELECT a.attname, format_type(a.atttypid, a.atttypmod), d.adsrc, a.attnotnull
 FROM pg_attribute a LEFT JOIN pg_attrdef d
 ON a.attrelid = d.adrelid AND a.attnum = d.adnum
 WHERE a.attrelid = '"admin_users"'::regclass
 AND a.attnum > 0 AND NOT a.attisdropped
 ORDER BY a.attnum
[0m
  [1m[35mInvoice Load (5.3ms)[0m  SELECT "invoices".* FROM "invoices" ORDER BY created_at desc LIMIT 5
  [1m[36mSQL (1.1ms)[0m  [1m SELECT a.attname, format_type(a.atttypid, a.atttypmod), d.adsrc, a.attnotnull
 FROM pg_attribute a LEFT JOIN pg_attrdef d
 ON a.attrelid = d.adrelid AND a.attnum = d.adnum
 WHERE a.attrelid = '"invoices"'::regclass
 AND a.attnum > 0 AND NOT a.attisdropped
 ORDER BY a.attnum
[0m
  [1m[35mSQL (1.1ms)[0m   SELECT a.attname, format_type(a.atttypid, a.atttypmod), d.adsrc, a.attnotnull
 FROM pg_attribute a LEFT JOIN pg_attrdef d
 ON a.attrelid = d.adrelid AND a.attnum = d.adnum
 WHERE a.attrelid = '"clients"'::regclass
 AND a.attnum > 0 AND NOT a.attisdropped
 ORDER BY a.attnum
  [1m[36mClient Load (5.6ms)[0m  [1mSELECT "clients".* FROM "clients" WHERE "clients"."id" = 1 LIMIT 1[0m
  [1m[35mSQL (0.9ms)[0m   SELECT a.attname, format_type(a.atttypid, a.atttypmod), d.adsrc, a.attnotnull
 FROM pg_attribute a LEFT JOIN pg_attrdef d
 ON a.attrelid = d.adrelid AND a.attnum = d.adnum
 WHERE a.attrelid = '"clients"'::regclass
 AND a.attnum > 0 AND NOT a.attisdropped
 ORDER BY a.attnum
  [1m[36mItem Load (4.7ms)[0m  [1mSELECT "items".* FROM "items" WHERE ("items".invoice_id = 1)[0m
  [1m[35mSQL (1.0ms)[0m   SELECT a.attname, format_type(a.atttypid, a.atttypmod), d.adsrc, a.attnotnull
 FROM pg_attribute a LEFT JOIN pg_attrdef d
 ON a.attrelid = d.adrelid AND a.attnum = d.adnum
 WHERE a.attrelid = '"items"'::regclass
 AND a.attnum > 0 AND NOT a.attisdropped
 ORDER BY a.attnum
  [1m[36mSQL (0.8ms)[0m  [1mSELECT COUNT(*) FROM "invoices" WHERE (created_at >= '2012-02-01 00:00:00')[0m
  [1m[35mSQL (1.1ms)[0m   SELECT a.attname, format_type(a.atttypid, a.atttypmod), d.adsrc, a.attnotnull
 FROM pg_attribute a LEFT JOIN pg_attrdef d
 ON a.attrelid = d.adrelid AND a.attnum = d.adnum
 WHERE a.attrelid = '"invoices"'::regclass
 AND a.attnum > 0 AND NOT a.attisdropped
 ORDER BY a.attnum
  [1m[36mSQL (1.0ms)[0m  [1mSELECT COUNT(*) FROM "invoices" WHERE "invoices"."status" = 'paid' AND (created_at >= '2012-02-01 00:00:00')[0m
  [1m[35mInvoice Load (0.5ms)[0m  SELECT "invoices".* FROM "invoices" WHERE "invoices"."status" = 'paid' AND (created_at >= '2012-02-01 00:00:00')
Rendered /Users/Elliott/.rvm/gems/ruby-1.9.2-p290/gems/activeadmin-0.4.0/app/views/active_admin/dashboard/index.html.arb (163.0ms)
Completed 200 OK in 198ms (Views: 150.5ms | ActiveRecord: 25.8ms)


Started GET "/javascripts/jquery.min.js" for 127.0.0.1 at 2012-02-04 22:05:31 -1000
[nil, ["/Users/Elliott/github/AI1/app/admin", "/Users/Elliott/github/AI1/app/admin/admin_users.rb", "/Users/Elliott/github/AI1/app/admin/clients.rb", "/Users/Elliott/github/AI1/app/admin/dashboards.rb", "/Users/Elliott/github/AI1/app/admin/invoices.rb"]]

ActionController::RoutingError (No route matches "/javascripts/jquery.min.js"):
  

Rendered /Users/Elliott/.rvm/gems/ruby-1.9.2-p290/gems/actionpack-3.0.10/lib/action_dispatch/middleware/templates/rescues/routing_error.erb within rescues/layout (1.4ms)


Started GET "/javascripts/jquery-ui.min.js" for 127.0.0.1 at 2012-02-04 22:05:31 -1000
[nil, ["/Users/Elliott/github/AI1/app/admin", "/Users/Elliott/github/AI1/app/admin/admin_users.rb", "/Users/Elliott/github/AI1/app/admin/clients.rb", "/Users/Elliott/github/AI1/app/admin/dashboards.rb", "/Users/Elliott/github/AI1/app/admin/invoices.rb"]]

ActionController::RoutingError (No route matches "/javascripts/jquery-ui.min.js"):
  

Rendered /Users/Elliott/.rvm/gems/ruby-1.9.2-p290/gems/actionpack-3.0.10/lib/action_dispatch/middleware/templates/rescues/routing_error.erb within rescues/layout (1.3ms)


Started GET "/javascripts/jquery_ujs.js" for 127.0.0.1 at 2012-02-04 22:05:31 -1000
[nil, ["/Users/Elliott/github/AI1/app/admin", "/Users/Elliott/github/AI1/app/admin/admin_users.rb", "/Users/Elliott/github/AI1/app/admin/clients.rb", "/Users/Elliott/github/AI1/app/admin/dashboards.rb", "/Users/Elliott/github/AI1/app/admin/invoices.rb"]]

ActionController::RoutingError (No route matches "/javascripts/jquery_ujs.js"):
  

Rendered /Users/Elliott/.rvm/gems/ruby-1.9.2-p290/gems/actionpack-3.0.10/lib/action_dispatch/middleware/templates/rescues/routing_error.erb within rescues/layout (1.5ms)
DEPRECATION WARNING: config.action_view.debug_rjs will be removed in 3.1, from 3.1 onwards you will need to install prototype-rails to continue to use RJS templates . (called from <top (required)> at /Users/Elliott/github/AI1/config/environment.rb:5)
[nil, ["/Users/Elliott/github/AI1/app/admin", "/Users/Elliott/github/AI1/app/admin/admin_users.rb", "/Users/Elliott/github/AI1/app/admin/clients.rb", "/Users/Elliott/github/AI1/app/admin/dashboards.rb", "/Users/Elliott/github/AI1/app/admin/invoices.rb"]]
[nil, ["/Users/Elliott/github/AI1/app/admin", "/Users/Elliott/github/AI1/app/admin/admin_users.rb", "/Users/Elliott/github/AI1/app/admin/clients.rb", "/Users/Elliott/github/AI1/app/admin/dashboards.rb", "/Users/Elliott/github/AI1/app/admin/invoices.rb"]]
[nil, []]
[nil, ["/Users/Elliott/github/AI1/app/admin"]]
[nil, ["/Users/Elliott/github/AI1/app/admin", "/Users/Elliott/github/AI1/app/admin/admin_users.rb"]]
[nil, ["/Users/Elliott/github/AI1/app/admin", "/Users/Elliott/github/AI1/app/admin/admin_users.rb", "/Users/Elliott/github/AI1/app/admin/clients.rb"]]
[nil, ["/Users/Elliott/github/AI1/app/admin", "/Users/Elliott/github/AI1/app/admin/admin_users.rb", "/Users/Elliott/github/AI1/app/admin/clients.rb", "/Users/Elliott/github/AI1/app/admin/dashboards.rb"]]
DEPRECATION WARNING: config.action_view.debug_rjs will be removed in 3.1, from 3.1 onwards you will need to install prototype-rails to continue to use RJS templates . (called from <top (required)> at /Users/Elliott/github/AI1/config/environment.rb:5)
[nil, ["/Users/Elliott/github/AI1/app/admin", "/Users/Elliott/github/AI1/app/admin/admin_users.rb", "/Users/Elliott/github/AI1/app/admin/clients.rb", "/Users/Elliott/github/AI1/app/admin/dashboards.rb", "/Users/Elliott/github/AI1/app/admin/invoices.rb"]]
[nil, ["/Users/Elliott/github/AI1/app/admin", "/Users/Elliott/github/AI1/app/admin/admin_users.rb", "/Users/Elliott/github/AI1/app/admin/clients.rb", "/Users/Elliott/github/AI1/app/admin/dashboards.rb", "/Users/Elliott/github/AI1/app/admin/invoices.rb"]]
[nil, []]
[nil, ["/Users/Elliott/github/AI1/app/admin"]]
[nil, ["/Users/Elliott/github/AI1/app/admin", "/Users/Elliott/github/AI1/app/admin/admin_users.rb"]]
[nil, ["/Users/Elliott/github/AI1/app/admin", "/Users/Elliott/github/AI1/app/admin/admin_users.rb", "/Users/Elliott/github/AI1/app/admin/clients.rb"]]
[nil, ["/Users/Elliott/github/AI1/app/admin", "/Users/Elliott/github/AI1/app/admin/admin_users.rb", "/Users/Elliott/github/AI1/app/admin/clients.rb", "/Users/Elliott/github/AI1/app/admin/dashboards.rb"]]


Started GET "/admin/" for 127.0.0.1 at 2012-02-04 22:06:42 -1000
[nil, ["/Users/Elliott/github/AI1/app/admin", "/Users/Elliott/github/AI1/app/admin/admin_users.rb", "/Users/Elliott/github/AI1/app/admin/clients.rb", "/Users/Elliott/github/AI1/app/admin/dashboards.rb", "/Users/Elliott/github/AI1/app/admin/invoices.rb"]]
  Processing by Admin::DashboardController#index as HTML
  [1m[36mSQL (1.4ms)[0m  [1m SELECT a.attname, format_type(a.atttypid, a.atttypmod), d.adsrc, a.attnotnull
 FROM pg_attribute a LEFT JOIN pg_attrdef d
 ON a.attrelid = d.adrelid AND a.attnum = d.adnum
 WHERE a.attrelid = '"admin_users"'::regclass
 AND a.attnum > 0 AND NOT a.attisdropped
 ORDER BY a.attnum
[0m
  [1m[35mAdminUser Load (0.5ms)[0m  SELECT "admin_users".* FROM "admin_users" WHERE "admin_users"."id" = 1 LIMIT 1
  [1m[36mSQL (1.1ms)[0m  [1m SELECT a.attname, format_type(a.atttypid, a.atttypmod), d.adsrc, a.attnotnull
 FROM pg_attribute a LEFT JOIN pg_attrdef d
 ON a.attrelid = d.adrelid AND a.attnum = d.adnum
 WHERE a.attrelid = '"admin_users"'::regclass
 AND a.attnum > 0 AND NOT a.attisdropped
 ORDER BY a.attnum
[0m
  [1m[35mInvoice Load (0.5ms)[0m  SELECT "invoices".* FROM "invoices" ORDER BY created_at desc LIMIT 5
  [1m[36mSQL (1.6ms)[0m  [1m SELECT a.attname, format_type(a.atttypid, a.atttypmod), d.adsrc, a.attnotnull
 FROM pg_attribute a LEFT JOIN pg_attrdef d
 ON a.attrelid = d.adrelid AND a.attnum = d.adnum
 WHERE a.attrelid = '"invoices"'::regclass
 AND a.attnum > 0 AND NOT a.attisdropped
 ORDER BY a.attnum
[0m
  [1m[35mSQL (1.4ms)[0m   SELECT a.attname, format_type(a.atttypid, a.atttypmod), d.adsrc, a.attnotnull
 FROM pg_attribute a LEFT JOIN pg_attrdef d
 ON a.attrelid = d.adrelid AND a.attnum = d.adnum
 WHERE a.attrelid = '"clients"'::regclass
 AND a.attnum > 0 AND NOT a.attisdropped
 ORDER BY a.attnum
  [1m[36mClient Load (0.5ms)[0m  [1mSELECT "clients".* FROM "clients" WHERE "clients"."id" = 1 LIMIT 1[0m
  [1m[35mSQL (0.9ms)[0m   SELECT a.attname, format_type(a.atttypid, a.atttypmod), d.adsrc, a.attnotnull
 FROM pg_attribute a LEFT JOIN pg_attrdef d
 ON a.attrelid = d.adrelid AND a.attnum = d.adnum
 WHERE a.attrelid = '"clients"'::regclass
 AND a.attnum > 0 AND NOT a.attisdropped
 ORDER BY a.attnum
  [1m[36mItem Load (0.5ms)[0m  [1mSELECT "items".* FROM "items" WHERE ("items".invoice_id = 1)[0m
  [1m[35mSQL (0.8ms)[0m   SELECT a.attname, format_type(a.atttypid, a.atttypmod), d.adsrc, a.attnotnull
 FROM pg_attribute a LEFT JOIN pg_attrdef d
 ON a.attrelid = d.adrelid AND a.attnum = d.adnum
 WHERE a.attrelid = '"items"'::regclass
 AND a.attnum > 0 AND NOT a.attisdropped
 ORDER BY a.attnum
  [1m[36mSQL (0.6ms)[0m  [1mSELECT COUNT(*) FROM "invoices" WHERE (created_at >= '2012-02-01 00:00:00')[0m
  [1m[35mSQL (1.0ms)[0m   SELECT a.attname, format_type(a.atttypid, a.atttypmod), d.adsrc, a.attnotnull
 FROM pg_attribute a LEFT JOIN pg_attrdef d
 ON a.attrelid = d.adrelid AND a.attnum = d.adnum
 WHERE a.attrelid = '"invoices"'::regclass
 AND a.attnum > 0 AND NOT a.attisdropped
 ORDER BY a.attnum
  [1m[36mSQL (0.4ms)[0m  [1mSELECT COUNT(*) FROM "invoices" WHERE "invoices"."status" = 'paid' AND (created_at >= '2012-02-01 00:00:00')[0m
  [1m[35mInvoice Load (0.4ms)[0m  SELECT "invoices".* FROM "invoices" WHERE "invoices"."status" = 'paid' AND (created_at >= '2012-02-01 00:00:00')
Rendered /Users/Elliott/.rvm/gems/ruby-1.9.2-p290/gems/activeadmin-0.4.0/app/views/active_admin/dashboard/index.html.arb (156.3ms)
Completed 200 OK in 193ms (Views: 159.1ms | ActiveRecord: 11.7ms)


Started GET "/admin/" for 127.0.0.1 at 2012-02-04 22:06:46 -1000
[nil, ["/Users/Elliott/github/AI1/app/admin", "/Users/Elliott/github/AI1/app/admin/admin_users.rb", "/Users/Elliott/github/AI1/app/admin/clients.rb", "/Users/Elliott/github/AI1/app/admin/dashboards.rb", "/Users/Elliott/github/AI1/app/admin/invoices.rb"]]
  Processing by Admin::DashboardController#index as HTML
  [1m[36mSQL (1.4ms)[0m  [1m SELECT a.attname, format_type(a.atttypid, a.atttypmod), d.adsrc, a.attnotnull
 FROM pg_attribute a LEFT JOIN pg_attrdef d
 ON a.attrelid = d.adrelid AND a.attnum = d.adnum
 WHERE a.attrelid = '"admin_users"'::regclass
 AND a.attnum > 0 AND NOT a.attisdropped
 ORDER BY a.attnum
[0m
  [1m[35mAdminUser Load (0.6ms)[0m  SELECT "admin_users".* FROM "admin_users" WHERE "admin_users"."id" = 1 LIMIT 1
  [1m[36mSQL (1.0ms)[0m  [1m SELECT a.attname, format_type(a.atttypid, a.atttypmod), d.adsrc, a.attnotnull
 FROM pg_attribute a LEFT JOIN pg_attrdef d
 ON a.attrelid = d.adrelid AND a.attnum = d.adnum
 WHERE a.attrelid = '"admin_users"'::regclass
 AND a.attnum > 0 AND NOT a.attisdropped
 ORDER BY a.attnum
[0m
  [1m[35mInvoice Load (0.7ms)[0m  SELECT "invoices".* FROM "invoices" ORDER BY created_at desc LIMIT 5
  [1m[36mSQL (0.8ms)[0m  [1m SELECT a.attname, format_type(a.atttypid, a.atttypmod), d.adsrc, a.attnotnull
 FROM pg_attribute a LEFT JOIN pg_attrdef d
 ON a.attrelid = d.adrelid AND a.attnum = d.adnum
 WHERE a.attrelid = '"invoices"'::regclass
 AND a.attnum > 0 AND NOT a.attisdropped
 ORDER BY a.attnum
[0m
  [1m[35mSQL (1.1ms)[0m   SELECT a.attname, format_type(a.atttypid, a.atttypmod), d.adsrc, a.attnotnull
 FROM pg_attribute a LEFT JOIN pg_attrdef d
 ON a.attrelid = d.adrelid AND a.attnum = d.adnum
 WHERE a.attrelid = '"clients"'::regclass
 AND a.attnum > 0 AND NOT a.attisdropped
 ORDER BY a.attnum
  [1m[36mClient Load (0.5ms)[0m  [1mSELECT "clients".* FROM "clients" WHERE "clients"."id" = 1 LIMIT 1[0m
  [1m[35mSQL (0.9ms)[0m   SELECT a.attname, format_type(a.atttypid, a.atttypmod), d.adsrc, a.attnotnull
 FROM pg_attribute a LEFT JOIN pg_attrdef d
 ON a.attrelid = d.adrelid AND a.attnum = d.adnum
 WHERE a.attrelid = '"clients"'::regclass
 AND a.attnum > 0 AND NOT a.attisdropped
 ORDER BY a.attnum
  [1m[36mItem Load (0.7ms)[0m  [1mSELECT "items".* FROM "items" WHERE ("items".invoice_id = 1)[0m
  [1m[35mSQL (0.9ms)[0m   SELECT a.attname, format_type(a.atttypid, a.atttypmod), d.adsrc, a.attnotnull
 FROM pg_attribute a LEFT JOIN pg_attrdef d
 ON a.attrelid = d.adrelid AND a.attnum = d.adnum
 WHERE a.attrelid = '"items"'::regclass
 AND a.attnum > 0 AND NOT a.attisdropped
 ORDER BY a.attnum
  [1m[36mSQL (0.6ms)[0m  [1mSELECT COUNT(*) FROM "invoices" WHERE (created_at >= '2012-02-01 00:00:00')[0m
  [1m[35mSQL (0.9ms)[0m   SELECT a.attname, format_type(a.atttypid, a.atttypmod), d.adsrc, a.attnotnull
 FROM pg_attribute a LEFT JOIN pg_attrdef d
 ON a.attrelid = d.adrelid AND a.attnum = d.adnum
 WHERE a.attrelid = '"invoices"'::regclass
 AND a.attnum > 0 AND NOT a.attisdropped
 ORDER BY a.attnum
  [1m[36mSQL (0.3ms)[0m  [1mSELECT COUNT(*) FROM "invoices" WHERE "invoices"."status" = 'paid' AND (created_at >= '2012-02-01 00:00:00')[0m
  [1m[35mInvoice Load (0.3ms)[0m  SELECT "invoices".* FROM "invoices" WHERE "invoices"."status" = 'paid' AND (created_at >= '2012-02-01 00:00:00')
Rendered /Users/Elliott/.rvm/gems/ruby-1.9.2-p290/gems/activeadmin-0.4.0/app/views/active_admin/dashboard/index.html.arb (125.3ms)
Completed 200 OK in 160ms (Views: 129.6ms | ActiveRecord: 10.6ms)
DEPRECATION WARNING: config.action_view.debug_rjs will be removed in 3.1, from 3.1 onwards you will need to install prototype-rails to continue to use RJS templates . (called from <top (required)> at /Users/Elliott/github/AI/config/environment.rb:5)
[nil, ["/Users/Elliott/github/AI/app/admin", "/Users/Elliott/github/AI/app/admin/admin_users.rb", "/Users/Elliott/github/AI/app/admin/clients.rb", "/Users/Elliott/github/AI/app/admin/dashboards.rb", "/Users/Elliott/github/AI/app/admin/invoices.rb"]]
[nil, ["/Users/Elliott/github/AI/app/admin", "/Users/Elliott/github/AI/app/admin/admin_users.rb", "/Users/Elliott/github/AI/app/admin/clients.rb", "/Users/Elliott/github/AI/app/admin/dashboards.rb", "/Users/Elliott/github/AI/app/admin/invoices.rb"]]
[nil, []]
[nil, ["/Users/Elliott/github/AI/app/admin"]]
[nil, ["/Users/Elliott/github/AI/app/admin", "/Users/Elliott/github/AI/app/admin/admin_users.rb"]]
[nil, ["/Users/Elliott/github/AI/app/admin", "/Users/Elliott/github/AI/app/admin/admin_users.rb", "/Users/Elliott/github/AI/app/admin/clients.rb"]]
[nil, ["/Users/Elliott/github/AI/app/admin", "/Users/Elliott/github/AI/app/admin/admin_users.rb", "/Users/Elliott/github/AI/app/admin/clients.rb", "/Users/Elliott/github/AI/app/admin/dashboards.rb"]]


Started GET "/admin/clients" for 127.0.0.1 at 2012-02-04 22:39:45 -1000
[nil, ["/Users/Elliott/github/AI/app/admin", "/Users/Elliott/github/AI/app/admin/admin_users.rb", "/Users/Elliott/github/AI/app/admin/clients.rb", "/Users/Elliott/github/AI/app/admin/dashboards.rb", "/Users/Elliott/github/AI/app/admin/invoices.rb"]]
  [1m[36mSQL (0.3ms)[0m  [1mSHOW client_min_messages[0m
  [1m[35mSQL (0.1ms)[0m  SET client_min_messages TO 'panic'
  [1m[36mSQL (0.1ms)[0m  [1mSET standard_conforming_strings = on[0m
  [1m[35mSQL (0.1ms)[0m  SET client_min_messages TO 'notice'
  [1m[36mSQL (0.5ms)[0m  [1mSET time zone 'UTC'[0m
  [1m[35mSQL (0.1ms)[0m  SHOW TIME ZONE
  Processing by Admin::ClientsController#index as HTML
  [1m[36mSQL (4.9ms)[0m  [1m SELECT tablename
 FROM pg_tables
 WHERE schemaname = ANY (current_schemas(false))
[0m
  [1m[35mSQL (3.3ms)[0m   SELECT a.attname, format_type(a.atttypid, a.atttypmod), d.adsrc, a.attnotnull
 FROM pg_attribute a LEFT JOIN pg_attrdef d
 ON a.attrelid = d.adrelid AND a.attnum = d.adnum
 WHERE a.attrelid = '"admin_users"'::regclass
 AND a.attnum > 0 AND NOT a.attisdropped
 ORDER BY a.attnum
  [1m[36mAdminUser Load (1.4ms)[0m  [1mSELECT "admin_users".* FROM "admin_users" WHERE "admin_users"."id" = 1 LIMIT 1[0m
  [1m[35mSQL (1.1ms)[0m   SELECT a.attname, format_type(a.atttypid, a.atttypmod), d.adsrc, a.attnotnull
 FROM pg_attribute a LEFT JOIN pg_attrdef d
 ON a.attrelid = d.adrelid AND a.attnum = d.adnum
 WHERE a.attrelid = '"admin_users"'::regclass
 AND a.attnum > 0 AND NOT a.attisdropped
 ORDER BY a.attnum
  [1m[36mClient Load (1.7ms)[0m  [1mSELECT "clients".* FROM "clients" ORDER BY "clients".id desc LIMIT 30 OFFSET 0[0m
  [1m[35mSQL (0.9ms)[0m   SELECT a.attname, format_type(a.atttypid, a.atttypmod), d.adsrc, a.attnotnull
 FROM pg_attribute a LEFT JOIN pg_attrdef d
 ON a.attrelid = d.adrelid AND a.attnum = d.adnum
 WHERE a.attrelid = '"clients"'::regclass
 AND a.attnum > 0 AND NOT a.attisdropped
 ORDER BY a.attnum
  [1m[36mSQL (0.5ms)[0m  [1mSELECT COUNT(*) FROM "clients"[0m
Rendered /Users/Elliott/.rvm/gems/ruby-1.9.2-p290/gems/activeadmin-0.4.0/app/views/active_admin/resource/index.html.arb (896.4ms)
Completed 200 OK in 1060ms (Views: 900.1ms | ActiveRecord: 15.1ms)


Started GET "/admin" for 127.0.0.1 at 2012-02-04 22:39:48 -1000
[nil, ["/Users/Elliott/github/AI/app/admin", "/Users/Elliott/github/AI/app/admin/admin_users.rb", "/Users/Elliott/github/AI/app/admin/clients.rb", "/Users/Elliott/github/AI/app/admin/dashboards.rb", "/Users/Elliott/github/AI/app/admin/invoices.rb"]]
  Processing by Admin::DashboardController#index as HTML
  [1m[35mSQL (1.2ms)[0m   SELECT a.attname, format_type(a.atttypid, a.atttypmod), d.adsrc, a.attnotnull
 FROM pg_attribute a LEFT JOIN pg_attrdef d
 ON a.attrelid = d.adrelid AND a.attnum = d.adnum
 WHERE a.attrelid = '"admin_users"'::regclass
 AND a.attnum > 0 AND NOT a.attisdropped
 ORDER BY a.attnum
  [1m[36mAdminUser Load (0.5ms)[0m  [1mSELECT "admin_users".* FROM "admin_users" WHERE "admin_users"."id" = 1 LIMIT 1[0m
  [1m[35mSQL (1.0ms)[0m   SELECT a.attname, format_type(a.atttypid, a.atttypmod), d.adsrc, a.attnotnull
 FROM pg_attribute a LEFT JOIN pg_attrdef d
 ON a.attrelid = d.adrelid AND a.attnum = d.adnum
 WHERE a.attrelid = '"admin_users"'::regclass
 AND a.attnum > 0 AND NOT a.attisdropped
 ORDER BY a.attnum
  [1m[36mInvoice Load (1.8ms)[0m  [1mSELECT "invoices".* FROM "invoices" ORDER BY created_at desc LIMIT 5[0m
  [1m[35mSQL (1.3ms)[0m   SELECT a.attname, format_type(a.atttypid, a.atttypmod), d.adsrc, a.attnotnull
 FROM pg_attribute a LEFT JOIN pg_attrdef d
 ON a.attrelid = d.adrelid AND a.attnum = d.adnum
 WHERE a.attrelid = '"invoices"'::regclass
 AND a.attnum > 0 AND NOT a.attisdropped
 ORDER BY a.attnum
  [1m[36mSQL (1.2ms)[0m  [1m SELECT a.attname, format_type(a.atttypid, a.atttypmod), d.adsrc, a.attnotnull
 FROM pg_attribute a LEFT JOIN pg_attrdef d
 ON a.attrelid = d.adrelid AND a.attnum = d.adnum
 WHERE a.attrelid = '"clients"'::regclass
 AND a.attnum > 0 AND NOT a.attisdropped
 ORDER BY a.attnum
[0m
  [1m[35mClient Load (0.5ms)[0m  SELECT "clients".* FROM "clients" WHERE "clients"."id" = 1 LIMIT 1
  [1m[36mSQL (0.8ms)[0m  [1m SELECT a.attname, format_type(a.atttypid, a.atttypmod), d.adsrc, a.attnotnull
 FROM pg_attribute a LEFT JOIN pg_attrdef d
 ON a.attrelid = d.adrelid AND a.attnum = d.adnum
 WHERE a.attrelid = '"clients"'::regclass
 AND a.attnum > 0 AND NOT a.attisdropped
 ORDER BY a.attnum
[0m
  [1m[35mItem Load (1.5ms)[0m  SELECT "items".* FROM "items" WHERE ("items".invoice_id = 1)
  [1m[36mSQL (1.0ms)[0m  [1m SELECT a.attname, format_type(a.atttypid, a.atttypmod), d.adsrc, a.attnotnull
 FROM pg_attribute a LEFT JOIN pg_attrdef d
 ON a.attrelid = d.adrelid AND a.attnum = d.adnum
 WHERE a.attrelid = '"items"'::regclass
 AND a.attnum > 0 AND NOT a.attisdropped
 ORDER BY a.attnum
[0m
  [1m[35mSQL (0.7ms)[0m  SELECT COUNT(*) FROM "invoices" WHERE (created_at >= '2012-02-01 00:00:00')
  [1m[36mSQL (0.9ms)[0m  [1m SELECT a.attname, format_type(a.atttypid, a.atttypmod), d.adsrc, a.attnotnull
 FROM pg_attribute a LEFT JOIN pg_attrdef d
 ON a.attrelid = d.adrelid AND a.attnum = d.adnum
 WHERE a.attrelid = '"invoices"'::regclass
 AND a.attnum > 0 AND NOT a.attisdropped
 ORDER BY a.attnum
[0m
  [1m[35mSQL (1.0ms)[0m  SELECT COUNT(*) FROM "invoices" WHERE "invoices"."status" = 'paid' AND (created_at >= '2012-02-01 00:00:00')
  [1m[36mInvoice Load (0.5ms)[0m  [1mSELECT "invoices".* FROM "invoices" WHERE "invoices"."status" = 'paid' AND (created_at >= '2012-02-01 00:00:00')[0m
Rendered /Users/Elliott/.rvm/gems/ruby-1.9.2-p290/gems/activeadmin-0.4.0/app/views/active_admin/dashboard/index.html.arb (119.0ms)
Completed 200 OK in 154ms (Views: 118.6ms | ActiveRecord: 13.7ms)


Started GET "/admin/clients" for 127.0.0.1 at 2012-02-04 22:39:50 -1000
[nil, ["/Users/Elliott/github/AI/app/admin", "/Users/Elliott/github/AI/app/admin/admin_users.rb", "/Users/Elliott/github/AI/app/admin/clients.rb", "/Users/Elliott/github/AI/app/admin/dashboards.rb", "/Users/Elliott/github/AI/app/admin/invoices.rb"]]
  Processing by Admin::ClientsController#index as HTML
  [1m[35mSQL (1.3ms)[0m   SELECT a.attname, format_type(a.atttypid, a.atttypmod), d.adsrc, a.attnotnull
 FROM pg_attribute a LEFT JOIN pg_attrdef d
 ON a.attrelid = d.adrelid AND a.attnum = d.adnum
 WHERE a.attrelid = '"admin_users"'::regclass
 AND a.attnum > 0 AND NOT a.attisdropped
 ORDER BY a.attnum
  [1m[36mAdminUser Load (0.4ms)[0m  [1mSELECT "admin_users".* FROM "admin_users" WHERE "admin_users"."id" = 1 LIMIT 1[0m
  [1m[35mSQL (0.9ms)[0m   SELECT a.attname, format_type(a.atttypid, a.atttypmod), d.adsrc, a.attnotnull
 FROM pg_attribute a LEFT JOIN pg_attrdef d
 ON a.attrelid = d.adrelid AND a.attnum = d.adnum
 WHERE a.attrelid = '"admin_users"'::regclass
 AND a.attnum > 0 AND NOT a.attisdropped
 ORDER BY a.attnum
  [1m[36mClient Load (0.8ms)[0m  [1mSELECT "clients".* FROM "clients" ORDER BY "clients".id desc LIMIT 30 OFFSET 0[0m
  [1m[35mSQL (1.1ms)[0m   SELECT a.attname, format_type(a.atttypid, a.atttypmod), d.adsrc, a.attnotnull
 FROM pg_attribute a LEFT JOIN pg_attrdef d
 ON a.attrelid = d.adrelid AND a.attnum = d.adnum
 WHERE a.attrelid = '"clients"'::regclass
 AND a.attnum > 0 AND NOT a.attisdropped
 ORDER BY a.attnum
  [1m[36mSQL (0.4ms)[0m  [1mSELECT COUNT(*) FROM "clients"[0m
Rendered /Users/Elliott/.rvm/gems/ruby-1.9.2-p290/gems/activeadmin-0.4.0/app/views/active_admin/resource/index.html.arb (160.3ms)
Completed 200 OK in 249ms (Views: 165.5ms | ActiveRecord: 5.0ms)
DEPRECATION WARNING: config.action_view.debug_rjs will be removed in 3.1, from 3.1 onwards you will need to install prototype-rails to continue to use RJS templates . (called from <top (required)> at /Users/Elliott/github/Hublix/config/environment.rb:5)
[nil, ["/Users/Elliott/github/Hublix/app/admin", "/Users/Elliott/github/Hublix/app/admin/admin_users.rb", "/Users/Elliott/github/Hublix/app/admin/clients.rb", "/Users/Elliott/github/Hublix/app/admin/dashboards.rb", "/Users/Elliott/github/Hublix/app/admin/invoices.rb"]]
[nil, ["/Users/Elliott/github/Hublix/app/admin", "/Users/Elliott/github/Hublix/app/admin/admin_users.rb", "/Users/Elliott/github/Hublix/app/admin/clients.rb", "/Users/Elliott/github/Hublix/app/admin/dashboards.rb", "/Users/Elliott/github/Hublix/app/admin/invoices.rb"]]
[nil, []]
[nil, ["/Users/Elliott/github/Hublix/app/admin"]]
[nil, ["/Users/Elliott/github/Hublix/app/admin", "/Users/Elliott/github/Hublix/app/admin/admin_users.rb"]]
[nil, ["/Users/Elliott/github/Hublix/app/admin", "/Users/Elliott/github/Hublix/app/admin/admin_users.rb", "/Users/Elliott/github/Hublix/app/admin/clients.rb"]]
[nil, ["/Users/Elliott/github/Hublix/app/admin", "/Users/Elliott/github/Hublix/app/admin/admin_users.rb", "/Users/Elliott/github/Hublix/app/admin/clients.rb", "/Users/Elliott/github/Hublix/app/admin/dashboards.rb"]]


Started GET "/admin" for 127.0.0.1 at 2012-02-04 22:43:35 -1000
[nil, ["/Users/Elliott/github/Hublix/app/admin", "/Users/Elliott/github/Hublix/app/admin/admin_users.rb", "/Users/Elliott/github/Hublix/app/admin/clients.rb", "/Users/Elliott/github/Hublix/app/admin/dashboards.rb", "/Users/Elliott/github/Hublix/app/admin/invoices.rb"]]
  [1m[36mSQL (0.3ms)[0m  [1mSHOW client_min_messages[0m
  [1m[35mSQL (0.1ms)[0m  SET client_min_messages TO 'panic'
  [1m[36mSQL (0.1ms)[0m  [1mSET standard_conforming_strings = on[0m
  [1m[35mSQL (0.1ms)[0m  SET client_min_messages TO 'notice'
  [1m[36mSQL (0.5ms)[0m  [1mSET time zone 'UTC'[0m
  [1m[35mSQL (0.1ms)[0m  SHOW TIME ZONE
  Processing by Admin::DashboardController#index as HTML
  [1m[36mSQL (4.9ms)[0m  [1m SELECT tablename
 FROM pg_tables
 WHERE schemaname = ANY (current_schemas(false))
[0m
  [1m[35mSQL (3.8ms)[0m   SELECT a.attname, format_type(a.atttypid, a.atttypmod), d.adsrc, a.attnotnull
 FROM pg_attribute a LEFT JOIN pg_attrdef d
 ON a.attrelid = d.adrelid AND a.attnum = d.adnum
 WHERE a.attrelid = '"admin_users"'::regclass
 AND a.attnum > 0 AND NOT a.attisdropped
 ORDER BY a.attnum
  [1m[36mAdminUser Load (1.8ms)[0m  [1mSELECT "admin_users".* FROM "admin_users" WHERE "admin_users"."id" = 1 LIMIT 1[0m
  [1m[35mSQL (0.8ms)[0m   SELECT a.attname, format_type(a.atttypid, a.atttypmod), d.adsrc, a.attnotnull
 FROM pg_attribute a LEFT JOIN pg_attrdef d
 ON a.attrelid = d.adrelid AND a.attnum = d.adnum
 WHERE a.attrelid = '"admin_users"'::regclass
 AND a.attnum > 0 AND NOT a.attisdropped
 ORDER BY a.attnum
  [1m[36mInvoice Load (1.9ms)[0m  [1mSELECT "invoices".* FROM "invoices" ORDER BY created_at desc LIMIT 5[0m
  [1m[35mSQL (1.0ms)[0m   SELECT a.attname, format_type(a.atttypid, a.atttypmod), d.adsrc, a.attnotnull
 FROM pg_attribute a LEFT JOIN pg_attrdef d
 ON a.attrelid = d.adrelid AND a.attnum = d.adnum
 WHERE a.attrelid = '"invoices"'::regclass
 AND a.attnum > 0 AND NOT a.attisdropped
 ORDER BY a.attnum
  [1m[36mSQL (1.3ms)[0m  [1m SELECT a.attname, format_type(a.atttypid, a.atttypmod), d.adsrc, a.attnotnull
 FROM pg_attribute a LEFT JOIN pg_attrdef d
 ON a.attrelid = d.adrelid AND a.attnum = d.adnum
 WHERE a.attrelid = '"clients"'::regclass
 AND a.attnum > 0 AND NOT a.attisdropped
 ORDER BY a.attnum
[0m
  [1m[35mClient Load (1.0ms)[0m  SELECT "clients".* FROM "clients" WHERE "clients"."id" = 1 LIMIT 1
  [1m[36mSQL (0.8ms)[0m  [1m SELECT a.attname, format_type(a.atttypid, a.atttypmod), d.adsrc, a.attnotnull
 FROM pg_attribute a LEFT JOIN pg_attrdef d
 ON a.attrelid = d.adrelid AND a.attnum = d.adnum
 WHERE a.attrelid = '"clients"'::regclass
 AND a.attnum > 0 AND NOT a.attisdropped
 ORDER BY a.attnum
[0m
  [1m[35mItem Load (1.6ms)[0m  SELECT "items".* FROM "items" WHERE ("items".invoice_id = 1)
  [1m[36mSQL (0.7ms)[0m  [1m SELECT a.attname, format_type(a.atttypid, a.atttypmod), d.adsrc, a.attnotnull
 FROM pg_attribute a LEFT JOIN pg_attrdef d
 ON a.attrelid = d.adrelid AND a.attnum = d.adnum
 WHERE a.attrelid = '"items"'::regclass
 AND a.attnum > 0 AND NOT a.attisdropped
 ORDER BY a.attnum
[0m
  [1m[35mSQL (0.9ms)[0m  SELECT COUNT(*) FROM "invoices" WHERE (created_at >= '2012-02-01 00:00:00')
  [1m[36mSQL (1.2ms)[0m  [1m SELECT a.attname, format_type(a.atttypid, a.atttypmod), d.adsrc, a.attnotnull
 FROM pg_attribute a LEFT JOIN pg_attrdef d
 ON a.attrelid = d.adrelid AND a.attnum = d.adnum
 WHERE a.attrelid = '"invoices"'::regclass
 AND a.attnum > 0 AND NOT a.attisdropped
 ORDER BY a.attnum
[0m
  [1m[35mSQL (1.3ms)[0m  SELECT COUNT(*) FROM "invoices" WHERE "invoices"."status" = 'paid' AND (created_at >= '2012-02-01 00:00:00')
  [1m[36mInvoice Load (0.5ms)[0m  [1mSELECT "invoices".* FROM "invoices" WHERE "invoices"."status" = 'paid' AND (created_at >= '2012-02-01 00:00:00')[0m
Rendered /Users/Elliott/.rvm/gems/ruby-1.9.2-p290/gems/activeadmin-0.4.0/app/views/active_admin/dashboard/index.html.arb (128.3ms)
Completed 200 OK in 553ms (Views: 127.8ms | ActiveRecord: 24.5ms)


Started GET "/admin/clients" for 127.0.0.1 at 2012-02-04 22:43:38 -1000
[nil, ["/Users/Elliott/github/Hublix/app/admin", "/Users/Elliott/github/Hublix/app/admin/admin_users.rb", "/Users/Elliott/github/Hublix/app/admin/clients.rb", "/Users/Elliott/github/Hublix/app/admin/dashboards.rb", "/Users/Elliott/github/Hublix/app/admin/invoices.rb"]]
  Processing by Admin::ClientsController#index as HTML
  [1m[35mSQL (1.2ms)[0m   SELECT a.attname, format_type(a.atttypid, a.atttypmod), d.adsrc, a.attnotnull
 FROM pg_attribute a LEFT JOIN pg_attrdef d
 ON a.attrelid = d.adrelid AND a.attnum = d.adnum
 WHERE a.attrelid = '"admin_users"'::regclass
 AND a.attnum > 0 AND NOT a.attisdropped
 ORDER BY a.attnum
  [1m[36mAdminUser Load (0.6ms)[0m  [1mSELECT "admin_users".* FROM "admin_users" WHERE "admin_users"."id" = 1 LIMIT 1[0m
  [1m[35mSQL (1.2ms)[0m   SELECT a.attname, format_type(a.atttypid, a.atttypmod), d.adsrc, a.attnotnull
 FROM pg_attribute a LEFT JOIN pg_attrdef d
 ON a.attrelid = d.adrelid AND a.attnum = d.adnum
 WHERE a.attrelid = '"admin_users"'::regclass
 AND a.attnum > 0 AND NOT a.attisdropped
 ORDER BY a.attnum
  [1m[36mClient Load (0.9ms)[0m  [1mSELECT "clients".* FROM "clients" ORDER BY "clients".id desc LIMIT 30 OFFSET 0[0m
  [1m[35mSQL (1.1ms)[0m   SELECT a.attname, format_type(a.atttypid, a.atttypmod), d.adsrc, a.attnotnull
 FROM pg_attribute a LEFT JOIN pg_attrdef d
 ON a.attrelid = d.adrelid AND a.attnum = d.adnum
 WHERE a.attrelid = '"clients"'::regclass
 AND a.attnum > 0 AND NOT a.attisdropped
 ORDER BY a.attnum
  [1m[36mSQL (0.4ms)[0m  [1mSELECT COUNT(*) FROM "clients"[0m
Rendered /Users/Elliott/.rvm/gems/ruby-1.9.2-p290/gems/activeadmin-0.4.0/app/views/active_admin/resource/index.html.arb (417.6ms)
Completed 200 OK in 464ms (Views: 425.6ms | ActiveRecord: 5.4ms)


Started GET "/admin/invoices" for 127.0.0.1 at 2012-02-04 22:43:40 -1000
[nil, ["/Users/Elliott/github/Hublix/app/admin", "/Users/Elliott/github/Hublix/app/admin/admin_users.rb", "/Users/Elliott/github/Hublix/app/admin/clients.rb", "/Users/Elliott/github/Hublix/app/admin/dashboards.rb", "/Users/Elliott/github/Hublix/app/admin/invoices.rb"]]
  Processing by Admin::InvoicesController#index as HTML
  [1m[35mSQL (1.1ms)[0m   SELECT a.attname, format_type(a.atttypid, a.atttypmod), d.adsrc, a.attnotnull
 FROM pg_attribute a LEFT JOIN pg_attrdef d
 ON a.attrelid = d.adrelid AND a.attnum = d.adnum
 WHERE a.attrelid = '"admin_users"'::regclass
 AND a.attnum > 0 AND NOT a.attisdropped
 ORDER BY a.attnum
  [1m[36mAdminUser Load (0.4ms)[0m  [1mSELECT "admin_users".* FROM "admin_users" WHERE "admin_users"."id" = 1 LIMIT 1[0m
  [1m[35mSQL (0.9ms)[0m   SELECT a.attname, format_type(a.atttypid, a.atttypmod), d.adsrc, a.attnotnull
 FROM pg_attribute a LEFT JOIN pg_attrdef d
 ON a.attrelid = d.adrelid AND a.attnum = d.adnum
 WHERE a.attrelid = '"admin_users"'::regclass
 AND a.attnum > 0 AND NOT a.attisdropped
 ORDER BY a.attnum
  [1m[36mInvoice Load (0.6ms)[0m  [1mSELECT "invoices".* FROM "invoices" ORDER BY "invoices".id desc LIMIT 30 OFFSET 0[0m
  [1m[35mSQL (1.0ms)[0m   SELECT a.attname, format_type(a.atttypid, a.atttypmod), d.adsrc, a.attnotnull
 FROM pg_attribute a LEFT JOIN pg_attrdef d
 ON a.attrelid = d.adrelid AND a.attnum = d.adnum
 WHERE a.attrelid = '"invoices"'::regclass
 AND a.attnum > 0 AND NOT a.attisdropped
 ORDER BY a.attnum
  [1m[36mSQL (0.4ms)[0m  [1mSELECT COUNT(*) FROM "invoices"[0m
  [1m[35mSQL (1.0ms)[0m   SELECT a.attname, format_type(a.atttypid, a.atttypmod), d.adsrc, a.attnotnull
 FROM pg_attribute a LEFT JOIN pg_attrdef d
 ON a.attrelid = d.adrelid AND a.attnum = d.adnum
 WHERE a.attrelid = '"invoices"'::regclass
 AND a.attnum > 0 AND NOT a.attisdropped
 ORDER BY a.attnum
  [1m[36mSQL (0.5ms)[0m  [1mSELECT COUNT(*) FROM "invoices" WHERE "invoices"."status" = 'draft'[0m
  [1m[35mSQL (0.4ms)[0m  SELECT COUNT(*) FROM "invoices" WHERE "invoices"."status" = 'sent'
  [1m[36mSQL (0.5ms)[0m  [1mSELECT COUNT(*) FROM "invoices" WHERE "invoices"."status" = 'paid'[0m
  [1m[35mCACHE (0.0ms)[0m  SELECT COUNT(*) FROM "invoices"
  [1m[36mSQL (1.2ms)[0m  [1m SELECT a.attname, format_type(a.atttypid, a.atttypmod), d.adsrc, a.attnotnull
 FROM pg_attribute a LEFT JOIN pg_attrdef d
 ON a.attrelid = d.adrelid AND a.attnum = d.adnum
 WHERE a.attrelid = '"clients"'::regclass
 AND a.attnum > 0 AND NOT a.attisdropped
 ORDER BY a.attnum
[0m
  [1m[35mClient Load (0.5ms)[0m  SELECT "clients".* FROM "clients" WHERE "clients"."id" = 1 LIMIT 1
  [1m[36mSQL (0.9ms)[0m  [1m SELECT a.attname, format_type(a.atttypid, a.atttypmod), d.adsrc, a.attnotnull
 FROM pg_attribute a LEFT JOIN pg_attrdef d
 ON a.attrelid = d.adrelid AND a.attnum = d.adnum
 WHERE a.attrelid = '"clients"'::regclass
 AND a.attnum > 0 AND NOT a.attisdropped
 ORDER BY a.attnum
[0m
  [1m[35mItem Load (0.7ms)[0m  SELECT "items".* FROM "items" WHERE ("items".invoice_id = 1)
  [1m[36mSQL (1.4ms)[0m  [1m SELECT a.attname, format_type(a.atttypid, a.atttypmod), d.adsrc, a.attnotnull
 FROM pg_attribute a LEFT JOIN pg_attrdef d
 ON a.attrelid = d.adrelid AND a.attnum = d.adnum
 WHERE a.attrelid = '"items"'::regclass
 AND a.attnum > 0 AND NOT a.attisdropped
 ORDER BY a.attnum
[0m
  [1m[35mClient Load (0.6ms)[0m  SELECT "clients".* FROM "clients"
Rendered /Users/Elliott/.rvm/gems/ruby-1.9.2-p290/gems/activeadmin-0.4.0/app/views/active_admin/resource/index.html.arb (543.8ms)
Completed 200 OK in 643ms (Views: 540.4ms | ActiveRecord: 12.2ms)
